<?xml version="1.0" encoding="UTF-8"?>
<!-- Generated by org.testng.reporters.JUnitXMLReporter -->
<testsuite ignored="0" hostname="DESKTOP-DC3TDDU" failures="2" tests="2" name="Test1" time="2.211" errors="0" timestamp="2021-09-30T08:59:35 IST">
  <testcase classname="Day_017_Multiple_Suites.Amazon" name="Open_OrangeHRM" time="2.141">
    <failure type="org.openqa.selenium.SessionNotCreatedException" message="session not created: This version of ChromeDriver only supports Chrome version 92
Current browser version is 94.0.4606.61 with binary path C:\Program Files\Google\Chrome\Application\chrome.exe
Build info: version: &amp;apos;3.141.59&amp;apos;, revision: &amp;apos;e82be7d358&amp;apos;, time: &amp;apos;2018-11-14T08:17:03&amp;apos;
System info: host: &amp;apos;DESKTOP-DC3TDDU&amp;apos;, ip: &amp;apos;192.168.29.22&amp;apos;, os.name: &amp;apos;Windows 10&amp;apos;, os.arch: &amp;apos;amd64&amp;apos;, os.version: &amp;apos;10.0&amp;apos;, java.version: &amp;apos;15.0.2&amp;apos;
Driver info: driver.version: ChromeDriver
remote stacktrace: Backtrace:
	Ordinal0 [0x00E12A33+2501171]
	Ordinal0 [0x00DAD1C1+2085313]
	Ordinal0 [0x00CB1FA8+1056680]
	Ordinal0 [0x00CD020A+1180170]
	Ordinal0 [0x00CCC125+1163557]
	Ordinal0 [0x00CC997F+1153407]
	Ordinal0 [0x00CF999F+1350047]
	Ordinal0 [0x00CF960A+1349130]
	Ordinal0 [0x00CF551B+1332507]
	Ordinal0 [0x00CD1D74+1187188]
	Ordinal0 [0x00CD2BD9+1190873]
	GetHandleVerifier [0x00F8EFE6+1504438]
	GetHandleVerifier [0x0103DDA5+2220661]
	GetHandleVerifier [0x00E95589+481881]
	GetHandleVerifier [0x00E94639+477961]
	Ordinal0 [0x00DB28BD+2107581]
	Ordinal0 [0x00DB6728+2123560]
	Ordinal0 [0x00DB6862+2123874]
	Ordinal0 [0x00DBFA81+2161281]
	BaseThreadInitThunk [0x74D46359+25]
	RtlGetAppContainerNamedObjectPath [0x77177B74+228]
	RtlGetAppContainerNamedObjectPath [0x77177B44+180]
">
      <![CDATA[org.openqa.selenium.SessionNotCreatedException: session not created: This version of ChromeDriver only supports Chrome version 92
Current browser version is 94.0.4606.61 with binary path C:\Program Files\Google\Chrome\Application\chrome.exe
Build info: version: '3.141.59', revision: 'e82be7d358', time: '2018-11-14T08:17:03'
System info: host: 'DESKTOP-DC3TDDU', ip: '192.168.29.22', os.name: 'Windows 10', os.arch: 'amd64', os.version: '10.0', java.version: '15.0.2'
Driver info: driver.version: ChromeDriver
remote stacktrace: Backtrace:
Ordinal0 [0x00E12A33+2501171]
Ordinal0 [0x00DAD1C1+2085313]
Ordinal0 [0x00CB1FA8+1056680]
Ordinal0 [0x00CD020A+1180170]
Ordinal0 [0x00CCC125+1163557]
Ordinal0 [0x00CC997F+1153407]
Ordinal0 [0x00CF999F+1350047]
Ordinal0 [0x00CF960A+1349130]
Ordinal0 [0x00CF551B+1332507]
Ordinal0 [0x00CD1D74+1187188]
Ordinal0 [0x00CD2BD9+1190873]
GetHandleVerifier [0x00F8EFE6+1504438]
GetHandleVerifier [0x0103DDA5+2220661]
GetHandleVerifier [0x00E95589+481881]
GetHandleVerifier [0x00E94639+477961]
Ordinal0 [0x00DB28BD+2107581]
Ordinal0 [0x00DB6728+2123560]
Ordinal0 [0x00DB6862+2123874]
Ordinal0 [0x00DBFA81+2161281]
BaseThreadInitThunk [0x74D46359+25]
RtlGetAppContainerNamedObjectPath [0x77177B74+228]
RtlGetAppContainerNamedObjectPath [0x77177B44+180]

at org.openqa.selenium.remote.W3CHandshakeResponse.lambda$errorHandler$0(W3CHandshakeResponse.java:62)
at org.openqa.selenium.remote.HandshakeResponse.lambda$getResponseFunction$0(HandshakeResponse.java:30)
at org.openqa.selenium.remote.ProtocolHandshake.lambda$createSession$0(ProtocolHandshake.java:126)
at java.base/java.util.stream.ReferencePipeline$3$1.accept(ReferencePipeline.java:195)
at java.base/java.util.Spliterators$ArraySpliterator.tryAdvance(Spliterators.java:958)
at java.base/java.util.stream.ReferencePipeline.forEachWithCancel(ReferencePipeline.java:127)
at java.base/java.util.stream.AbstractPipeline.copyIntoWithCancel(AbstractPipeline.java:502)
at java.base/java.util.stream.AbstractPipeline.copyInto(AbstractPipeline.java:488)
at java.base/java.util.stream.AbstractPipeline.wrapAndCopyInto(AbstractPipeline.java:474)
at java.base/java.util.stream.FindOps$FindOp.evaluateSequential(FindOps.java:150)
at java.base/java.util.stream.AbstractPipeline.evaluate(AbstractPipeline.java:234)
at java.base/java.util.stream.ReferencePipeline.findFirst(ReferencePipeline.java:543)
at org.openqa.selenium.remote.ProtocolHandshake.createSession(ProtocolHandshake.java:128)
at org.openqa.selenium.remote.ProtocolHandshake.createSession(ProtocolHandshake.java:74)
at org.openqa.selenium.remote.HttpCommandExecutor.execute(HttpCommandExecutor.java:136)
at org.openqa.selenium.remote.service.DriverCommandExecutor.execute(DriverCommandExecutor.java:83)
at org.openqa.selenium.remote.RemoteWebDriver.execute(RemoteWebDriver.java:552)
at org.openqa.selenium.remote.RemoteWebDriver.startSession(RemoteWebDriver.java:213)
at org.openqa.selenium.remote.RemoteWebDriver.<init>(RemoteWebDriver.java:131)
at org.openqa.selenium.chrome.ChromeDriver.<init>(ChromeDriver.java:181)
at org.openqa.selenium.chrome.ChromeDriver.<init>(ChromeDriver.java:168)
at org.openqa.selenium.chrome.ChromeDriver.<init>(ChromeDriver.java:123)
at CommonUtil.TestBrowser.OpenChromeBrowser(TestBrowser.java:65)
at Day_017_Multiple_Suites.Amazon.Open_OrangeHRM(Amazon.java:14)
at java.base/java.util.concurrent.ThreadPoolExecutor.runWorker(ThreadPoolExecutor.java:1130)
at java.base/java.util.concurrent.ThreadPoolExecutor$Worker.run(ThreadPoolExecutor.java:630)
at java.base/java.lang.Thread.run(Thread.java:832)
... Removed 17 stack frames]]>
    </failure>
  </testcase> <!-- Open_OrangeHRM -->
  <testcase classname="Day_017_Multiple_Suites.Bhavasri" name="Login_Test" time="2.173">
    <failure type="org.openqa.selenium.SessionNotCreatedException" message="session not created: This version of ChromeDriver only supports Chrome version 92
Current browser version is 94.0.4606.61 with binary path C:\Program Files\Google\Chrome\Application\chrome.exe
Build info: version: &amp;apos;3.141.59&amp;apos;, revision: &amp;apos;e82be7d358&amp;apos;, time: &amp;apos;2018-11-14T08:17:03&amp;apos;
System info: host: &amp;apos;DESKTOP-DC3TDDU&amp;apos;, ip: &amp;apos;192.168.29.22&amp;apos;, os.name: &amp;apos;Windows 10&amp;apos;, os.arch: &amp;apos;amd64&amp;apos;, os.version: &amp;apos;10.0&amp;apos;, java.version: &amp;apos;15.0.2&amp;apos;
Driver info: driver.version: ChromeDriver
remote stacktrace: Backtrace:
	Ordinal0 [0x00E12A33+2501171]
	Ordinal0 [0x00DAD1C1+2085313]
	Ordinal0 [0x00CB1FA8+1056680]
	Ordinal0 [0x00CD020A+1180170]
	Ordinal0 [0x00CCC125+1163557]
	Ordinal0 [0x00CC997F+1153407]
	Ordinal0 [0x00CF999F+1350047]
	Ordinal0 [0x00CF960A+1349130]
	Ordinal0 [0x00CF551B+1332507]
	Ordinal0 [0x00CD1D74+1187188]
	Ordinal0 [0x00CD2BD9+1190873]
	GetHandleVerifier [0x00F8EFE6+1504438]
	GetHandleVerifier [0x0103DDA5+2220661]
	GetHandleVerifier [0x00E95589+481881]
	GetHandleVerifier [0x00E94639+477961]
	Ordinal0 [0x00DB28BD+2107581]
	Ordinal0 [0x00DB6728+2123560]
	Ordinal0 [0x00DB6862+2123874]
	Ordinal0 [0x00DBFA81+2161281]
	BaseThreadInitThunk [0x74D46359+25]
	RtlGetAppContainerNamedObjectPath [0x77177B74+228]
	RtlGetAppContainerNamedObjectPath [0x77177B44+180]
">
      <![CDATA[org.openqa.selenium.SessionNotCreatedException: session not created: This version of ChromeDriver only supports Chrome version 92
Current browser version is 94.0.4606.61 with binary path C:\Program Files\Google\Chrome\Application\chrome.exe
Build info: version: '3.141.59', revision: 'e82be7d358', time: '2018-11-14T08:17:03'
System info: host: 'DESKTOP-DC3TDDU', ip: '192.168.29.22', os.name: 'Windows 10', os.arch: 'amd64', os.version: '10.0', java.version: '15.0.2'
Driver info: driver.version: ChromeDriver
remote stacktrace: Backtrace:
Ordinal0 [0x00E12A33+2501171]
Ordinal0 [0x00DAD1C1+2085313]
Ordinal0 [0x00CB1FA8+1056680]
Ordinal0 [0x00CD020A+1180170]
Ordinal0 [0x00CCC125+1163557]
Ordinal0 [0x00CC997F+1153407]
Ordinal0 [0x00CF999F+1350047]
Ordinal0 [0x00CF960A+1349130]
Ordinal0 [0x00CF551B+1332507]
Ordinal0 [0x00CD1D74+1187188]
Ordinal0 [0x00CD2BD9+1190873]
GetHandleVerifier [0x00F8EFE6+1504438]
GetHandleVerifier [0x0103DDA5+2220661]
GetHandleVerifier [0x00E95589+481881]
GetHandleVerifier [0x00E94639+477961]
Ordinal0 [0x00DB28BD+2107581]
Ordinal0 [0x00DB6728+2123560]
Ordinal0 [0x00DB6862+2123874]
Ordinal0 [0x00DBFA81+2161281]
BaseThreadInitThunk [0x74D46359+25]
RtlGetAppContainerNamedObjectPath [0x77177B74+228]
RtlGetAppContainerNamedObjectPath [0x77177B44+180]

at org.openqa.selenium.remote.W3CHandshakeResponse.lambda$errorHandler$0(W3CHandshakeResponse.java:62)
at org.openqa.selenium.remote.HandshakeResponse.lambda$getResponseFunction$0(HandshakeResponse.java:30)
at org.openqa.selenium.remote.ProtocolHandshake.lambda$createSession$0(ProtocolHandshake.java:126)
at java.base/java.util.stream.ReferencePipeline$3$1.accept(ReferencePipeline.java:195)
at java.base/java.util.Spliterators$ArraySpliterator.tryAdvance(Spliterators.java:958)
at java.base/java.util.stream.ReferencePipeline.forEachWithCancel(ReferencePipeline.java:127)
at java.base/java.util.stream.AbstractPipeline.copyIntoWithCancel(AbstractPipeline.java:502)
at java.base/java.util.stream.AbstractPipeline.copyInto(AbstractPipeline.java:488)
at java.base/java.util.stream.AbstractPipeline.wrapAndCopyInto(AbstractPipeline.java:474)
at java.base/java.util.stream.FindOps$FindOp.evaluateSequential(FindOps.java:150)
at java.base/java.util.stream.AbstractPipeline.evaluate(AbstractPipeline.java:234)
at java.base/java.util.stream.ReferencePipeline.findFirst(ReferencePipeline.java:543)
at org.openqa.selenium.remote.ProtocolHandshake.createSession(ProtocolHandshake.java:128)
at org.openqa.selenium.remote.ProtocolHandshake.createSession(ProtocolHandshake.java:74)
at org.openqa.selenium.remote.HttpCommandExecutor.execute(HttpCommandExecutor.java:136)
at org.openqa.selenium.remote.service.DriverCommandExecutor.execute(DriverCommandExecutor.java:83)
at org.openqa.selenium.remote.RemoteWebDriver.execute(RemoteWebDriver.java:552)
at org.openqa.selenium.remote.RemoteWebDriver.startSession(RemoteWebDriver.java:213)
at org.openqa.selenium.remote.RemoteWebDriver.<init>(RemoteWebDriver.java:131)
at org.openqa.selenium.chrome.ChromeDriver.<init>(ChromeDriver.java:181)
at org.openqa.selenium.chrome.ChromeDriver.<init>(ChromeDriver.java:168)
at org.openqa.selenium.chrome.ChromeDriver.<init>(ChromeDriver.java:123)
at Day_017_Multiple_Suites.Bhavasri.Login_Test(Bhavasri.java:34)
at java.base/java.util.concurrent.ThreadPoolExecutor.runWorker(ThreadPoolExecutor.java:1130)
at java.base/java.util.concurrent.ThreadPoolExecutor$Worker.run(ThreadPoolExecutor.java:630)
at java.base/java.lang.Thread.run(Thread.java:832)
... Removed 17 stack frames]]>
    </failure>
  </testcase> <!-- Login_Test -->
</testsuite> <!-- Test1 -->
